<?xml version="1.0" encoding="UTF-8"?>
<!-- Generated by org.testng.reporters.JUnitReportReporter -->
<testsuite hostname="DESKTOP-E1K2OQS" name="SeleniumLearn1.DataBaseConnectionTest" tests="1" failures="0" timestamp="6 Nov 2019 21:04:28 GMT" time="0.348" errors="0">
  <testcase name="getDatafromDataBase" time="0.348" classname="SeleniumLearn1.DataBaseConnectionTest"/>
</testsuite> <!-- SeleniumLearn1.DataBaseConnectionTest -->
