<?xml version="1.0" encoding="UTF-8"?>
<!-- Generated by org.testng.reporters.JUnitReportReporter -->
<testsuite hostname="DESKTOP-E1K2OQS" name="SeleniumLearn1.AlertsTest" tests="1" failures="0" timestamp="28 Oct 2019 15:44:20 GMT" time="0.839" errors="0">
  <testcase name="AlertExample" time="0.839" classname="SeleniumLearn1.AlertsTest"/>
</testsuite> <!-- SeleniumLearn1.AlertsTest -->
