<?xml version="1.0" encoding="UTF-8"?>
<!-- Generated by org.testng.reporters.JUnitReportReporter -->
<testsuite hostname="DESKTOP-E1K2OQS" name="SeleniumLearn1.WindowAuthenticationTest" tests="1" failures="0" timestamp="7 Nov 2019 16:56:04 GMT" time="8.995" errors="0">
  <testcase name="WindowAuthentication" time="8.995" classname="SeleniumLearn1.WindowAuthenticationTest"/>
</testsuite> <!-- SeleniumLearn1.WindowAuthenticationTest -->
