<?xml version="1.0" encoding="UTF-8"?>
<!-- Generated by org.testng.reporters.JUnitReportReporter -->
<testsuite hostname="DESKTOP-E1K2OQS" name="SeleniumLearn1.MultipleConceptsPractice" tests="1" failures="1" timestamp="4 Nov 2019 21:25:05 GMT" time="20.651" errors="0">
  <testcase name="TableGrid" time="20.651" classname="SeleniumLearn1.MultipleConceptsPractice">
    <failure type="java.util.regex.PatternSyntaxException" message="Unclosed group near index 1
(
 ^">
      <![CDATA[java.util.regex.PatternSyntaxException: Unclosed group near index 1
(
 ^
	at java.util.regex.Pattern.error(Pattern.java:1957)
	at java.util.regex.Pattern.accept(Pattern.java:1815)
	at java.util.regex.Pattern.group0(Pattern.java:2910)
	at java.util.regex.Pattern.sequence(Pattern.java:2053)
	at java.util.regex.Pattern.expr(Pattern.java:1998)
	at java.util.regex.Pattern.compile(Pattern.java:1698)
	at java.util.regex.Pattern.<init>(Pattern.java:1351)
	at java.util.regex.Pattern.compile(Pattern.java:1028)
	at java.lang.String.split(String.java:2380)
	at java.lang.String.split(String.java:2422)
	at SeleniumLearn1.MultipleConceptsPractice.TableGrid(MultipleConceptsPractice.java:31)
	at sun.reflect.NativeMethodAccessorImpl.invoke0(Native Method)
	at sun.reflect.NativeMethodAccessorImpl.invoke(NativeMethodAccessorImpl.java:62)
	at sun.reflect.DelegatingMethodAccessorImpl.invoke(DelegatingMethodAccessorImpl.java:43)
	at java.lang.reflect.Method.invoke(Method.java:498)
	at org.testng.internal.MethodInvocationHelper.invokeMethod(MethodInvocationHelper.java:80)
	at org.testng.internal.Invoker.invokeMethod(Invoker.java:714)
	at org.testng.internal.Invoker.invokeTestMethod(Invoker.java:901)
	at org.testng.internal.Invoker.invokeTestMethods(Invoker.java:1231)
	at org.testng.internal.TestMethodWorker.invokeTestMethods(TestMethodWorker.java:127)
	at org.testng.internal.TestMethodWorker.run(TestMethodWorker.java:111)
	at org.testng.TestRunner.privateRun(TestRunner.java:767)
	at org.testng.TestRunner.run(TestRunner.java:617)
	at org.testng.SuiteRunner.runTest(SuiteRunner.java:334)
	at org.testng.SuiteRunner.runSequentially(SuiteRunner.java:329)
	at org.testng.SuiteRunner.privateRun(SuiteRunner.java:291)
	at org.testng.SuiteRunner.run(SuiteRunner.java:240)
	at org.testng.SuiteRunnerWorker.runSuite(SuiteRunnerWorker.java:52)
	at org.testng.SuiteRunnerWorker.run(SuiteRunnerWorker.java:86)
	at org.testng.TestNG.runSuitesSequentially(TestNG.java:1198)
	at org.testng.TestNG.runSuitesLocally(TestNG.java:1123)
	at org.testng.TestNG.run(TestNG.java:1031)
	at org.testng.remote.AbstractRemoteTestNG.run(AbstractRemoteTestNG.java:114)
	at org.testng.remote.RemoteTestNG.initAndRun(RemoteTestNG.java:251)
	at org.testng.remote.RemoteTestNG.main(RemoteTestNG.java:77)
]]>
    </failure>
  </testcase> <!-- TableGrid -->
</testsuite> <!-- SeleniumLearn1.MultipleConceptsPractice -->
