<?xml version="1.0" encoding="UTF-8"?>
<!-- Generated by org.testng.reporters.JUnitReportReporter -->
<testsuite hostname="DESKTOP-E1K2OQS" name="SeleniumLearn1.TableGridTest" tests="1" failures="0" timestamp="5 Nov 2019 18:01:33 GMT" time="19.723" errors="0">
  <testcase name="TableGrid" time="19.723" classname="SeleniumLearn1.TableGridTest"/>
</testsuite> <!-- SeleniumLearn1.TableGridTest -->
