<?xml version="1.0" encoding="UTF-8"?>
<!-- Generated by org.testng.reporters.JUnitReportReporter -->
<testsuite hostname="DESKTOP-E1K2OQS" name="SeleniumLearn1.LinksCountTest" tests="2" failures="0" timestamp="6 Nov 2019 20:08:56 GMT" time="20.265" errors="0">
  <testcase name="LinkCounts" time="19.745" classname="SeleniumLearn1.LinksCountTest"/>
  <testcase name="ActionsClassPrctice" time="0.520" classname="SeleniumLearn1.LinksCountTest"/>
</testsuite> <!-- SeleniumLearn1.LinksCountTest -->
