<?xml version="1.0" encoding="UTF-8"?>
<!-- Generated by org.testng.reporters.JUnitReportReporter -->
<testsuite hostname="DESKTOP-E1K2OQS" name="SeleniumLearn1.ParametrizatonTest" tests="2" failures="0" timestamp="6 Nov 2019 19:49:52 GMT" time="41.338" errors="0">
  <testcase name="parametrizationExample" time="16.803" classname="SeleniumLearn1.ParametrizatonTest"/>
  <testcase name="parametrizationExample" time="24.535" classname="SeleniumLearn1.ParametrizatonTest"/>
</testsuite> <!-- SeleniumLearn1.ParametrizatonTest -->
