<?xml version="1.0" encoding="UTF-8"?>
<!-- Generated by org.testng.reporters.JUnitReportReporter -->
<testsuite hostname="DESKTOP-E1K2OQS" name="SeleniumLearn1.ActionsClassTest" tests="3" failures="0" timestamp="5 Nov 2019 19:51:22 GMT" time="28.585" errors="0">
  <testcase name="FramesPractice" time="7.980" classname="SeleniumLearn1.ActionsClassTest"/>
  <testcase name="ActionsClassPrctice" time="11.474" classname="SeleniumLearn1.ActionsClassTest"/>
  <testcase name="MultipleWindows" time="9.131" classname="SeleniumLearn1.ActionsClassTest"/>
</testsuite> <!-- SeleniumLearn1.ActionsClassTest -->
