<?xml version="1.0" encoding="UTF-8"?>
<!-- Generated by org.testng.reporters.JUnitReportReporter -->
<testsuite hostname="DESKTOP-E1K2OQS" name="SeleniumLearn1.QAClickAcademyTest" tests="4" failures="0" timestamp="6 Nov 2019 19:38:57 GMT" time="26.784" errors="0">
  <testcase name="AlertExample" time="15.680" classname="SeleniumLearn1.QAClickAcademyTest"/>
  <testcase name="TablesRowColumnCount" time="0.128" classname="SeleniumLearn1.QAClickAcademyTest"/>
  <testcase name="AutoSuggestive" time="10.533" classname="SeleniumLearn1.QAClickAcademyTest"/>
  <testcase name="CheckBoxPractice" time="0.443" classname="SeleniumLearn1.QAClickAcademyTest"/>
</testsuite> <!-- SeleniumLearn1.QAClickAcademyTest -->
