<?xml version="1.0" encoding="UTF-8"?>
<!-- Generated by org.testng.reporters.JUnitReportReporter -->
<testsuite hostname="DESKTOP-E1K2OQS" name="SeleniumLearn1.BestBuyTest" tests="2" failures="0" timestamp="29 Oct 2019 19:43:54 GMT" time="22.071" errors="0">
  <testcase name="ActionsClassParctice" time="12.210" classname="SeleniumLearn1.BestBuyTest"/>
  <testcase name="MultipleWindows" time="9.861" classname="SeleniumLearn1.BestBuyTest"/>
</testsuite> <!-- SeleniumLearn1.BestBuyTest -->
