<?xml version="1.0" encoding="UTF-8"?>
<!-- Generated by org.testng.reporters.JUnitReportReporter -->
<testsuite hostname="DESKTOP-E1K2OQS" name="SeleniumLearn1.MiscellaneousTest" tests="1" failures="0" timestamp="5 Nov 2019 21:25:51 GMT" time="20.162" errors="0">
  <testcase name="TableGrid" time="20.162" classname="SeleniumLearn1.MiscellaneousTest"/>
</testsuite> <!-- SeleniumLearn1.MiscellaneousTest -->
