<?xml version="1.0" encoding="UTF-8"?>
<!-- Generated by org.testng.reporters.JUnitReportReporter -->
<testsuite hostname="DESKTOP-E1K2OQS" name="SeleniumLearn1.FramesMultipleWindowsTest" tests="2" failures="0" timestamp="6 Nov 2019 19:56:45 GMT" time="18.623" errors="0">
  <testcase name="MultipleWindows" time="9.477" classname="SeleniumLearn1.FramesMultipleWindowsTest"/>
  <testcase name="FramesPractice" time="9.146" classname="SeleniumLearn1.FramesMultipleWindowsTest"/>
</testsuite> <!-- SeleniumLearn1.FramesMultipleWindowsTest -->
