<?xml version="1.0" encoding="UTF-8"?>
<!-- Generated by org.testng.reporters.JUnitReportReporter -->
<testsuite hostname="DESKTOP-E1K2OQS" name="SeleniumLearn1.SortingArrayTest" tests="2" failures="0" timestamp="5 Nov 2019 21:23:26 GMT" time="36.392" errors="0">
  <testcase name="addToCartItems" time="17.474" classname="SeleniumLearn1.SortingArrayTest"/>
  <testcase name="sortingOfArray" time="18.918" classname="SeleniumLearn1.SortingArrayTest"/>
</testsuite> <!-- SeleniumLearn1.SortingArrayTest -->
