<?xml version="1.0" encoding="UTF-8"?>
<!-- Generated by org.testng.reporters.JUnitReportReporter -->
<testsuite hostname="DESKTOP-E1K2OQS" name="SeleniumLearn1.FileUploadTest" tests="1" failures="0" timestamp="7 Nov 2019 18:29:03 GMT" time="13.039" errors="0">
  <testcase name="fileUpload" time="13.039" classname="SeleniumLearn1.FileUploadTest"/>
</testsuite> <!-- SeleniumLearn1.FileUploadTest -->
