<?xml version="1.0" encoding="UTF-8"?>
<!-- Generated by org.testng.reporters.JUnitReportReporter -->
<testsuite hostname="DESKTOP-E1K2OQS" name="SeleniumLearn1.SpiceJetTest" tests="2" failures="0" timestamp="6 Nov 2019 20:14:53 GMT" time="18.353" errors="0">
  <testcase name="RoundTrip" time="17.555" classname="SeleniumLearn1.SpiceJetTest"/>
  <testcase name="MouseOverActions" time="0.798" classname="SeleniumLearn1.SpiceJetTest"/>
</testsuite> <!-- SeleniumLearn1.SpiceJetTest -->
