<?xml version="1.0" encoding="UTF-8"?>
<!-- Generated by org.testng.reporters.JUnitReportReporter -->
<testsuite hostname="DESKTOP-E1K2OQS" name="SeleniumLearn1.ActionsClassTest" tests="3" failures="0" timestamp="6 Nov 2019 17:44:02 GMT" time="45.858" errors="0">
  <testcase name="ActionsClassPrctice" time="24.938" classname="SeleniumLearn1.ActionsClassTest"/>
  <testcase name="MultipleWindows" time="11.600" classname="SeleniumLearn1.ActionsClassTest"/>
  <testcase name="FramesPractice" time="9.320" classname="SeleniumLearn1.ActionsClassTest"/>
</testsuite> <!-- SeleniumLearn1.ActionsClassTest -->
