<?xml version="1.0" encoding="UTF-8"?>
<!-- Generated by org.testng.reporters.JUnitReportReporter -->
<testsuite hostname="DESKTOP-E1K2OQS" name="SeleniumLearn1.SortingArrayTest" tests="2" failures="0" timestamp="6 Nov 2019 17:44:02 GMT" time="40.734" errors="0">
  <testcase name="addToCartItems" time="20.024" classname="SeleniumLearn1.SortingArrayTest"/>
  <testcase name="sortingOfArray" time="20.710" classname="SeleniumLearn1.SortingArrayTest"/>
</testsuite> <!-- SeleniumLearn1.SortingArrayTest -->
