<?xml version="1.0" encoding="UTF-8"?>
<!-- Generated by org.testng.reporters.JUnitReportReporter -->
<testsuite hostname="DESKTOP-E1K2OQS" name="SeleniumLearn1.MiscellaneousTest" tests="1" failures="0" timestamp="6 Nov 2019 17:44:02 GMT" time="34.148" errors="0">
  <testcase name="TableGrid" time="34.148" classname="SeleniumLearn1.MiscellaneousTest"/>
</testsuite> <!-- SeleniumLearn1.MiscellaneousTest -->
