<?xml version="1.0" encoding="UTF-8"?>
<!-- Generated by org.testng.reporters.JUnitReportReporter -->
<testsuite hostname="DESKTOP-E1K2OQS" name="SeleniumLearn1.QAClickAcademyTest" tests="7" failures="0" timestamp="6 Nov 2019 17:44:02 GMT" time="213.464" errors="0">
  <testcase name="CheckBoxPractice" time="21.004" classname="SeleniumLearn1.QAClickAcademyTest"/>
  <testcase name="AutoSuggestive" time="32.893" classname="SeleniumLearn1.QAClickAcademyTest"/>
  <testcase name="parametrizationExample" time="40.400" classname="SeleniumLearn1.QAClickAcademyTest"/>
  <testcase name="AlertExample" time="34.399" classname="SeleniumLearn1.QAClickAcademyTest"/>
  <testcase name="TablesRowColumnCount" time="13.962" classname="SeleniumLearn1.QAClickAcademyTest"/>
  <testcase name="parametrizationExample" time="57.866" classname="SeleniumLearn1.QAClickAcademyTest"/>
  <testcase name="NavigationBarIsDisplayed" time="12.940" classname="SeleniumLearn1.QAClickAcademyTest"/>
</testsuite> <!-- SeleniumLearn1.QAClickAcademyTest -->
