<?xml version="1.0" encoding="UTF-8"?>
<!-- Generated by org.testng.reporters.JUnitReportReporter -->
<testsuite hostname="DESKTOP-E1K2OQS" name="SeleniumLearn1.SpiceJetTest" tests="2" failures="0" timestamp="6 Nov 2019 17:44:02 GMT" time="19.188" errors="0">
  <testcase name="MouseOverActions" time="0.117" classname="SeleniumLearn1.SpiceJetTest"/>
  <testcase name="RoundTrip" time="19.071" classname="SeleniumLearn1.SpiceJetTest"/>
</testsuite> <!-- SeleniumLearn1.SpiceJetTest -->
